<?xml version="1.0" encoding="UTF-8"?>
<testsuite xmlns:xsi="http://www.w3.org/2001/XMLSchema-instance" xsi:noNamespaceSchemaLocation="https://maven.apache.org/surefire/maven-surefire-plugin/xsd/surefire-test-report-3.0.xsd" version="3.0" name="com.spring.angular.SpringAngularApplicationTests" time="16.373" tests="1" errors="0" skipped="0" failures="0">
  <properties>
[...]
</properties>
  <testcase name="contextLoads" classname="com.spring.angular.SpringAngularApplicationTests" time="1.774">
    <system-out><![CDATA[22:28:33.047 [main] INFO org.springframework.test.context.support.AnnotationConfigContextLoaderUtils -- Could not detect default configuration classes for test class [com.spring.angular.SpringAngularApplicationTests]: SpringAngularApplicationTests does not declare any static, non-private, non-final, nested classes annotated with @Configuration.
22:28:33.329 [main] INFO org.springframework.boot.test.context.SpringBootTestContextBootstrapper -- Found @SpringBootConfiguration com.spring.angular.SpringAngularApplication for test class com.spring.angular.SpringAngularApplicationTests

  .   ____          _            __ _ _
 /\\ / ___'_ __ _ _(_)_ __  __ _ \ \ \ \
( ( )\___ | '_ | '_| | '_ \/ _` | \ \ \ \
 \\/  ___)| |_)| | | | | || (_| |  ) ) ) )
  '  |____| .__|_| |_|_| |_\__, | / / / /
 =========|_|==============|___/=/_/_/_/
 :: Spring Boot ::                (v3.1.2)

2023-10-10T22:28:34.494-05:00  INFO 5844 --- [           main] c.s.a.SpringAngularApplicationTests      : Starting SpringAngularApplicationTests using Java 17.0.7 with PID 5844 (started by HP in C:\CICLO VI\PROYECTO-TODOS\spring-angular-eagleflicks\eagleflicks-backend)
2023-10-10T22:28:34.498-05:00  INFO 5844 --- [           main] c.s.a.SpringAngularApplicationTests      : The following 1 profile is active: "mysql"
2023-10-10T22:28:36.452-05:00  INFO 5844 --- [           main] .s.d.r.c.RepositoryConfigurationDelegate : Bootstrapping Spring Data JPA repositories in DEFAULT mode.
2023-10-10T22:28:36.718-05:00  INFO 5844 --- [           main] .s.d.r.c.RepositoryConfigurationDelegate : Finished Spring Data repository scanning in 244 ms. Found 8 JPA repository interfaces.
2023-10-10T22:28:38.420-05:00  INFO 5844 --- [           main] com.zaxxer.hikari.HikariDataSource       : HikariPool-1 - Starting...
2023-10-10T22:28:39.502-05:00  INFO 5844 --- [           main] com.zaxxer.hikari.pool.HikariPool        : HikariPool-1 - Added connection com.mysql.cj.jdbc.ConnectionImpl@2725ca05
2023-10-10T22:28:39.507-05:00  INFO 5844 --- [           main] com.zaxxer.hikari.HikariDataSource       : HikariPool-1 - Start completed.
2023-10-10T22:28:39.644-05:00  INFO 5844 --- [           main] o.hibernate.jpa.internal.util.LogHelper  : HHH000204: Processing PersistenceUnitInfo [name: default]
2023-10-10T22:28:39.853-05:00  INFO 5844 --- [           main] org.hibernate.Version                    : HHH000412: Hibernate ORM core version 6.2.6.Final
2023-10-10T22:28:39.859-05:00  INFO 5844 --- [           main] org.hibernate.cfg.Environment            : HHH000406: Using bytecode reflection optimizer
2023-10-10T22:28:40.393-05:00  INFO 5844 --- [           main] o.h.b.i.BytecodeProviderInitiator        : HHH000021: Bytecode provider name : bytebuddy
2023-10-10T22:28:40.773-05:00  INFO 5844 --- [           main] o.s.o.j.p.SpringPersistenceUnitInfo      : No LoadTimeWeaver setup: ignoring JPA class transformer
2023-10-10T22:28:40.923-05:00  WARN 5844 --- [           main] org.hibernate.orm.deprecation            : HHH90000026: MySQL57Dialect has been deprecated; use org.hibernate.dialect.MySQLDialect instead
2023-10-10T22:28:41.633-05:00  INFO 5844 --- [           main] o.h.b.i.BytecodeProviderInitiator        : HHH000021: Bytecode provider name : bytebuddy
2023-10-10T22:28:43.479-05:00  INFO 5844 --- [           main] o.h.e.t.j.p.i.JtaPlatformInitiator       : HHH000490: Using JtaPlatform implementation: [org.hibernate.engine.transaction.jta.platform.internal.NoJtaPlatform]
2023-10-10T22:28:43.489-05:00  INFO 5844 --- [           main] j.LocalContainerEntityManagerFactoryBean : Initialized JPA EntityManagerFactory for persistence unit 'default'
2023-10-10T22:28:44.722-05:00  INFO 5844 --- [           main] o.s.d.j.r.query.QueryEnhancerFactory     : Hibernate is in classpath; If applicable, HQL parser will be used.
2023-10-10T22:28:46.014-05:00  WARN 5844 --- [           main] JpaBaseConfiguration$JpaWebConfiguration : spring.jpa.open-in-view is enabled by default. Therefore, database queries may be performed during view rendering. Explicitly configure spring.jpa.open-in-view to disable this warning
2023-10-10T22:28:47.165-05:00  INFO 5844 --- [           main] c.s.a.SpringAngularApplicationTests      : Started SpringAngularApplicationTests in 13.422 seconds (process running for 16.128)
]]></system-out>
  </testcase>
</testsuite>